{"C:\\Users\\d13z\\dev\\d13z\\walltest\\src\\App.tsx": {"path":"C:\\Users\\d13z\\dev\\d13z\\walltest\\src\\App.tsx","statementMap":{"0":{"start":{"line":1,"column":0},"end":{"line":1,"column":26}},"1":{"start":{"line":2,"column":0},"end":{"line":2,"column":66}},"2":{"start":{"line":3,"column":0},"end":{"line":3,"column":50}},"3":{"start":{"line":5,"column":12},"end":{"line":13,"column":1}},"4":{"start":{"line":6,"column":2},"end":{"line":12,"column":4}},"5":{"start":{"line":15,"column":0},"end":{"line":15,"column":19}}},"fnMap":{"0":{"name":"(anonymous_1)","decl":{"start":{"line":5,"column":12},"end":{"line":5,"column":15}},"loc":{"start":{"line":5,"column":17},"end":{"line":13,"column":1}}}},"branchMap":{},"s":{"0":0,"1":0,"2":0,"3":0,"4":0,"5":0},"f":{"0":0},"b":{}}
,"C:\\Users\\d13z\\dev\\d13z\\walltest\\src\\index.tsx": {"path":"C:\\Users\\d13z\\dev\\d13z\\walltest\\src\\index.tsx","statementMap":{"0":{"start":{"line":1,"column":0},"end":{"line":1,"column":22}},"1":{"start":{"line":2,"column":0},"end":{"line":2,"column":26}},"2":{"start":{"line":3,"column":0},"end":{"line":3,"column":24}},"3":{"start":{"line":4,"column":0},"end":{"line":4,"column":46}},"4":{"start":{"line":6,"column":18},"end":{"line":6,"column":49}},"5":{"start":{"line":7,"column":0},"end":{"line":12,"column":null}},"6":{"start":{"line":8,"column":15},"end":{"line":8,"column":36}},"7":{"start":{"line":9,"column":2},"end":{"line":9,"column":23}},"8":{"start":{"line":11,"column":2},"end":{"line":11,"column":41}}},"fnMap":{},"branchMap":{"0":{"loc":{"start":{"line":7,"column":0},"end":{"line":12,"column":null}},"type":"if","locations":[{"start":{"line":7,"column":0},"end":{"line":12,"column":null}},{"start":{"line":10,"column":7},"end":{"line":12,"column":null}}]},"1":{"loc":{"start":{"line":7,"column":4},"end":{"line":7,"column":40}},"type":"binary-expr","locations":[{"start":{"line":7,"column":4},"end":{"line":7,"column":13}},{"start":{"line":7,"column":17},"end":{"line":7,"column":40}}]}},"s":{"0":0,"1":0,"2":0,"3":0,"4":0,"5":0,"6":0,"7":0,"8":0},"f":{},"b":{"0":[0,0],"1":[0,0]}}
,"C:\\Users\\d13z\\dev\\d13z\\walltest\\src\\components\\Item\\ItemComponent.tsx": {"path":"C:\\Users\\d13z\\dev\\d13z\\walltest\\src\\components\\Item\\ItemComponent.tsx","statementMap":{"0":{"start":{"line":1,"column":0},"end":{"line":1,"column":26}},"1":{"start":{"line":3,"column":0},"end":{"line":3,"column":48}},"2":{"start":{"line":5,"column":38},"end":{"line":15,"column":1}},"3":{"start":{"line":6,"column":2},"end":{"line":14,"column":4}},"4":{"start":{"line":17,"column":0},"end":{"line":17,"column":29}}},"fnMap":{"0":{"name":"(anonymous_1)","decl":{"start":{"line":5,"column":38},"end":{"line":5,"column":39}},"loc":{"start":{"line":5,"column":47},"end":{"line":15,"column":1}}}},"branchMap":{},"s":{"0":1,"1":1,"2":1,"3":1,"4":1},"f":{"0":1},"b":{}}
,"C:\\Users\\d13z\\dev\\d13z\\walltest\\src\\components\\Layout\\LayoutComponent.tsx": {"path":"C:\\Users\\d13z\\dev\\d13z\\walltest\\src\\components\\Layout\\LayoutComponent.tsx","statementMap":{"0":{"start":{"line":1,"column":0},"end":{"line":1,"column":74}},"1":{"start":{"line":2,"column":0},"end":{"line":2,"column":50}},"2":{"start":{"line":4,"column":13},"end":{"line":4,"column":55}},"3":{"start":{"line":6,"column":53},"end":{"line":31,"column":1}},"4":{"start":{"line":7,"column":30},"end":{"line":7,"column":50}},"5":{"start":{"line":8,"column":29},"end":{"line":11,"column":3}},"6":{"start":{"line":9,"column":18},"end":{"line":9,"column":32}},"7":{"start":{"line":10,"column":4},"end":{"line":10,"column":21}},"8":{"start":{"line":12,"column":2},"end":{"line":30,"column":4}},"9":{"start":{"line":33,"column":0},"end":{"line":33,"column":31}}},"fnMap":{"0":{"name":"(anonymous_7)","decl":{"start":{"line":6,"column":53},"end":{"line":6,"column":54}},"loc":{"start":{"line":6,"column":70},"end":{"line":31,"column":1}}},"1":{"name":"(anonymous_8)","decl":{"start":{"line":8,"column":29},"end":{"line":8,"column":30}},"loc":{"start":{"line":8,"column":72},"end":{"line":11,"column":3}}}},"branchMap":{},"s":{"0":0,"1":0,"2":0,"3":0,"4":0,"5":0,"6":0,"7":0,"8":0,"9":0},"f":{"0":0,"1":0},"b":{}}
,"C:\\Users\\d13z\\dev\\d13z\\walltest\\src\\data\\items\\constants.ts": {"path":"C:\\Users\\d13z\\dev\\d13z\\walltest\\src\\data\\items\\constants.ts","statementMap":{"0":{"start":{"line":1,"column":13},"end":{"line":2,"column":63}}},"fnMap":{},"branchMap":{},"s":{"0":1},"f":{},"b":{}}
,"C:\\Users\\d13z\\dev\\d13z\\walltest\\src\\data\\items\\getItems.ts": {"path":"C:\\Users\\d13z\\dev\\d13z\\walltest\\src\\data\\items\\getItems.ts","statementMap":{"0":{"start":{"line":1,"column":0},"end":{"line":1,"column":38}},"1":{"start":{"line":4,"column":24},"end":{"line":6,"column":1}},"2":{"start":{"line":5,"column":2},"end":{"line":5,"column":66}},"3":{"start":{"line":5,"column":54},"end":{"line":5,"column":64}},"4":{"start":{"line":4,"column":13},"end":{"line":4,"column":24}}},"fnMap":{"0":{"name":"(anonymous_0)","decl":{"start":{"line":4,"column":24},"end":{"line":4,"column":51}},"loc":{"start":{"line":4,"column":53},"end":{"line":6,"column":1}}},"1":{"name":"(anonymous_1)","decl":{"start":{"line":5,"column":45},"end":{"line":5,"column":46}},"loc":{"start":{"line":5,"column":54},"end":{"line":5,"column":64}}}},"branchMap":{},"s":{"0":1,"1":1,"2":1,"3":1,"4":1},"f":{"0":1,"1":1},"b":{}}
,"C:\\Users\\d13z\\dev\\d13z\\walltest\\src\\data\\items\\index.ts": {"path":"C:\\Users\\d13z\\dev\\d13z\\walltest\\src\\data\\items\\index.ts","statementMap":{"0":{"start":{"line":1,"column":0},"end":{"line":1,"column":9}},"1":{"start":{"line":3,"column":9},"end":{"line":1,"column":38}}},"fnMap":{"0":{"name":"(anonymous_0)","decl":{"start":{"line":3,"column":9},"end":{"line":3,"column":17}},"loc":{"start":{"line":3,"column":9},"end":{"line":1,"column":38}}}},"branchMap":{},"s":{"0":0,"1":0},"f":{"0":0},"b":{}}
,"C:\\Users\\d13z\\dev\\d13z\\walltest\\src\\hooks\\useSearch.ts": {"path":"C:\\Users\\d13z\\dev\\d13z\\walltest\\src\\hooks\\useSearch.ts","statementMap":{"0":{"start":{"line":1,"column":0},"end":{"line":1,"column":31}},"1":{"start":{"line":2,"column":0},"end":{"line":2,"column":27}},"2":{"start":{"line":20,"column":15},"end":{"line":22,"column":25}},"3":{"start":{"line":21,"column":4},"end":{"line":21,"column":39}},"4":{"start":{"line":24,"column":18},"end":{"line":29,"column":30}},"5":{"start":{"line":25,"column":4},"end":{"line":27,"column":null}},"6":{"start":{"line":26,"column":6},"end":{"line":26,"column":50}},"7":{"start":{"line":26,"column":33},"end":{"line":26,"column":47}},"8":{"start":{"line":28,"column":4},"end":{"line":28,"column":35}},"9":{"start":{"line":31,"column":2},"end":{"line":31,"column":17}},"10":{"start":{"line":34,"column":13},"end":{"line":39,"column":2}},"11":{"start":{"line":41,"column":0},"end":{"line":41,"column":25}}},"fnMap":{"0":{"name":"useSearch","decl":{"start":{"line":15,"column":9},"end":{"line":15,"column":18}},"loc":{"start":{"line":18,"column":36},"end":{"line":32,"column":1}}},"1":{"name":"(anonymous_8)","decl":{"start":{"line":20,"column":29},"end":{"line":20,"column":32}},"loc":{"start":{"line":20,"column":34},"end":{"line":22,"column":3}}},"2":{"name":"(anonymous_9)","decl":{"start":{"line":24,"column":32},"end":{"line":24,"column":35}},"loc":{"start":{"line":24,"column":37},"end":{"line":29,"column":3}}},"3":{"name":"(anonymous_10)","decl":{"start":{"line":26,"column":22},"end":{"line":26,"column":23}},"loc":{"start":{"line":26,"column":33},"end":{"line":26,"column":47}}}},"branchMap":{"0":{"loc":{"start":{"line":25,"column":4},"end":{"line":27,"column":null}},"type":"if","locations":[{"start":{"line":25,"column":4},"end":{"line":27,"column":null}}]}},"s":{"0":1,"1":1,"2":8,"3":8,"4":8,"5":8,"6":1,"7":20,"8":7,"9":8,"10":1,"11":1},"f":{"0":8,"1":8,"2":8,"3":20},"b":{"0":[1]}}
,"C:\\Users\\d13z\\dev\\d13z\\walltest\\src\\pages\\Manager\\Manager.tsx": {"path":"C:\\Users\\d13z\\dev\\d13z\\walltest\\src\\pages\\Manager\\Manager.tsx","statementMap":{"0":{"start":{"line":1,"column":0},"end":{"line":1,"column":63}},"1":{"start":{"line":2,"column":0},"end":{"line":2,"column":72}},"2":{"start":{"line":3,"column":0},"end":{"line":3,"column":64}},"3":{"start":{"line":4,"column":0},"end":{"line":4,"column":44}},"4":{"start":{"line":6,"column":0},"end":{"line":6,"column":74}},"5":{"start":{"line":8,"column":30},"end":{"line":30,"column":1}},"6":{"start":{"line":9,"column":26},"end":{"line":9,"column":62}},"7":{"start":{"line":10,"column":17},"end":{"line":10,"column":42}},"8":{"start":{"line":12,"column":2},"end":{"line":14,"column":9}},"9":{"start":{"line":13,"column":4},"end":{"line":13,"column":53}},"10":{"start":{"line":13,"column":34},"end":{"line":13,"column":51}},"11":{"start":{"line":16,"column":23},"end":{"line":19,"column":null}},"12":{"start":{"line":22,"column":2},"end":{"line":29,"column":4}},"13":{"start":{"line":26,"column":10},"end":{"line":26,"column":59}},"14":{"start":{"line":32,"column":0},"end":{"line":32,"column":27}}},"fnMap":{"0":{"name":"(anonymous_7)","decl":{"start":{"line":8,"column":30},"end":{"line":8,"column":33}},"loc":{"start":{"line":8,"column":35},"end":{"line":30,"column":1}}},"1":{"name":"(anonymous_8)","decl":{"start":{"line":12,"column":12},"end":{"line":12,"column":15}},"loc":{"start":{"line":12,"column":17},"end":{"line":14,"column":3}}},"2":{"name":"(anonymous_9)","decl":{"start":{"line":13,"column":20},"end":{"line":13,"column":21}},"loc":{"start":{"line":13,"column":34},"end":{"line":13,"column":51}}},"3":{"name":"(anonymous_10)","decl":{"start":{"line":25,"column":25},"end":{"line":25,"column":26}},"loc":{"start":{"line":26,"column":10},"end":{"line":26,"column":59}}}},"branchMap":{"0":{"loc":{"start":{"line":17,"column":4},"end":{"line":17,"column":21}},"type":"binary-expr","locations":[{"start":{"line":17,"column":4},"end":{"line":17,"column":15}},{"start":{"line":17,"column":19},"end":{"line":17,"column":21}}]},"1":{"loc":{"start":{"line":17,"column":4},"end":{"line":17,"column":15}},"type":"cond-expr","locations":[{"start":{"line":17,"column":8},"end":{"line":17,"column":10}},{"start":{"line":17,"column":4},"end":{"line":17,"column":15}}]},"2":{"loc":{"start":{"line":17,"column":4},"end":{"line":17,"column":10}},"type":"binary-expr","locations":[{"start":{"line":17,"column":4},"end":{"line":17,"column":10}},{"start":{"line":17,"column":4},"end":{"line":17,"column":10}}]},"3":{"loc":{"start":{"line":18,"column":4},"end":{"line":18,"column":16}},"type":"binary-expr","locations":[{"start":{"line":18,"column":4},"end":{"line":18,"column":10}},{"start":{"line":18,"column":14},"end":{"line":18,"column":16}}]},"4":{"loc":{"start":{"line":24,"column":7},"end":{"line":27,"column":10}},"type":"binary-expr","locations":[{"start":{"line":24,"column":7},"end":{"line":24,"column":30}},{"start":{"line":25,"column":8},"end":{"line":27,"column":10}}]}},"s":{"0":0,"1":0,"2":0,"3":0,"4":0,"5":0,"6":0,"7":0,"8":0,"9":0,"10":0,"11":0,"12":0,"13":0,"14":0},"f":{"0":0,"1":0,"2":0,"3":0},"b":{"0":[0,0],"1":[0,0],"2":[0,0],"3":[0,0],"4":[0,0]}}
}
